[1/23] cl /c /Zc:__cplusplus /Zp8 /GR /W3 /EHs /nologo /MD /D_CRT_SECURE_NO_DEPRECATE /D_SCL_SECURE_NO_DEPRECATE /D_SECURE_SCL=0   /DMATLAB_MEX_FILE  /DMATLAB_MEX_FILE /O2 /Oy- /DNDEBUG /fp:strict /utf-8 /I "." /I "C:\Users\rafal\Documents\MATLAB\task1_max_points" /I "C:\Program Files\MATLAB\R2023b\extern\include\nav" /I ".\interface" /I "C:\Program Files\MATLAB\R2023b\extern\include" /I "." -DMODEL=task_1_mex   task_1_data.c /Fobuild\win64\task_1_data.obj
task_1_data.c
[2/23] cl /c /Zc:__cplusplus /Zp8 /GR /W3 /EHs /nologo /MD /D_CRT_SECURE_NO_DEPRECATE /D_SCL_SECURE_NO_DEPRECATE /D_SECURE_SCL=0   /DMATLAB_MEX_FILE  /DMATLAB_MEX_FILE /O2 /Oy- /DNDEBUG /fp:strict /utf-8 /I "." /I "C:\Users\rafal\Documents\MATLAB\task1_max_points" /I "C:\Program Files\MATLAB\R2023b\extern\include\nav" /I ".\interface" /I "C:\Program Files\MATLAB\R2023b\extern\include" /I "." -DMODEL=task_1_mex   rt_nonfinite.c /Fobuild\win64\rt_nonfinite.obj
rt_nonfinite.c
[3/23] cl /c /Zc:__cplusplus /Zp8 /GR /W3 /EHs /nologo /MD /D_CRT_SECURE_NO_DEPRECATE /D_SCL_SECURE_NO_DEPRECATE /D_SECURE_SCL=0   /DMATLAB_MEX_FILE  /DMATLAB_MEX_FILE /O2 /Oy- /DNDEBUG /fp:strict /utf-8 /I "." /I "C:\Users\rafal\Documents\MATLAB\task1_max_points" /I "C:\Program Files\MATLAB\R2023b\extern\include\nav" /I ".\interface" /I "C:\Program Files\MATLAB\R2023b\extern\include" /I "." -DMODEL=task_1_mex   handle.c /Fobuild\win64\handle.obj
handle.c
[4/23] cl /c /Zc:__cplusplus /Zp8 /GR /W3 /EHs /nologo /MD /D_CRT_SECURE_NO_DEPRECATE /D_SCL_SECURE_NO_DEPRECATE /D_SECURE_SCL=0   /DMATLAB_MEX_FILE  /DMATLAB_MEX_FILE /O2 /Oy- /DNDEBUG /fp:strict /utf-8 /I "." /I "C:\Users\rafal\Documents\MATLAB\task1_max_points" /I "C:\Program Files\MATLAB\R2023b\extern\include\nav" /I ".\interface" /I "C:\Program Files\MATLAB\R2023b\extern\include" /I "." -DMODEL=task_1_mex   interface\_coder_task_1_api.c /Fobuild\win64\_coder_task_1_api.obj
_coder_task_1_api.c
[5/23] cl /c /Zc:__cplusplus /Zp8 /GR /W3 /EHs /nologo /MD /D_CRT_SECURE_NO_DEPRECATE /D_SCL_SECURE_NO_DEPRECATE /D_SECURE_SCL=0   /DMATLAB_MEX_FILE  /DMATLAB_MEX_FILE /O2 /Oy- /DNDEBUG /fp:strict /utf-8 /I "." /I "C:\Users\rafal\Documents\MATLAB\task1_max_points" /I "C:\Program Files\MATLAB\R2023b\extern\include\nav" /I ".\interface" /I "C:\Program Files\MATLAB\R2023b\extern\include" /I "." -DMODEL=task_1_mex   validateAStarBuiltinCostFunction.c /Fobuild\win64\validateAStarBuiltinCostFunction.obj
validateAStarBuiltinCostFunction.c
[6/23] cl /c /Zc:__cplusplus /Zp8 /GR /W3 /EHs /nologo /MD /D_CRT_SECURE_NO_DEPRECATE /D_SCL_SECURE_NO_DEPRECATE /D_SECURE_SCL=0   /DMATLAB_MEX_FILE  /DMATLAB_MEX_FILE /O2 /Oy- /DNDEBUG /fp:strict /utf-8 /I "." /I "C:\Users\rafal\Documents\MATLAB\task1_max_points" /I "C:\Program Files\MATLAB\R2023b\extern\include\nav" /I ".\interface" /I "C:\Program Files\MATLAB\R2023b\extern\include" /I "." -DMODEL=task_1_mex   warning.c /Fobuild\win64\warning.obj
warning.c
[7/23] cl /c /Zc:__cplusplus /Zp8 /GR /W3 /EHs /nologo /MD /D_CRT_SECURE_NO_DEPRECATE /D_SCL_SECURE_NO_DEPRECATE /D_SECURE_SCL=0   /DMATLAB_MEX_FILE  /DMATLAB_MEX_FILE /O2 /Oy- /DNDEBUG /fp:strict /utf-8 /I "." /I "C:\Users\rafal\Documents\MATLAB\task1_max_points" /I "C:\Program Files\MATLAB\R2023b\extern\include\nav" /I ".\interface" /I "C:\Program Files\MATLAB\R2023b\extern\include" /I "." -DMODEL=task_1_mex   task_1_initialize.c /Fobuild\win64\task_1_initialize.obj
task_1_initialize.c
[8/23] cl /c /Zc:__cplusplus /Zp8 /GR /W3 /EHs /nologo /MD /D_CRT_SECURE_NO_DEPRECATE /D_SCL_SECURE_NO_DEPRECATE /D_SECURE_SCL=0   /DMATLAB_MEX_FILE  /DMATLAB_MEX_FILE /O2 /Oy- /DNDEBUG /fp:strict /utf-8 /I "." /I "C:\Users\rafal\Documents\MATLAB\task1_max_points" /I "C:\Program Files\MATLAB\R2023b\extern\include\nav" /I ".\interface" /I "C:\Program Files\MATLAB\R2023b\extern\include" /I "." -DMODEL=task_1_mex   eml_int_forloop_overflow_check.c /Fobuild\win64\eml_int_forloop_overflow_check.obj
eml_int_forloop_overflow_check.c
[9/23] cl /c /Zc:__cplusplus /Zp8 /GR /W3 /EHs /nologo /MD /D_CRT_SECURE_NO_DEPRECATE /D_SCL_SECURE_NO_DEPRECATE /D_SECURE_SCL=0   /DMATLAB_MEX_FILE  /DMATLAB_MEX_FILE /O2 /Oy- /DNDEBUG /fp:strict /utf-8 /I "." /I "C:\Users\rafal\Documents\MATLAB\task1_max_points" /I "C:\Program Files\MATLAB\R2023b\extern\include\nav" /I ".\interface" /I "C:\Program Files\MATLAB\R2023b\extern\include" /I "." -DMODEL=task_1_mex   interface\_coder_task_1_mex.c /Fobuild\win64\_coder_task_1_mex.obj
_coder_task_1_mex.c
[10/23] cl /c /Zc:__cplusplus /Zp8 /GR /W3 /EHs /nologo /MD /D_CRT_SECURE_NO_DEPRECATE /D_SCL_SECURE_NO_DEPRECATE /D_SECURE_SCL=0   /DMATLAB_MEX_FILE  /DMATLAB_MEX_FILE /O2 /Oy- /DNDEBUG /fp:strict /utf-8 /I "." /I "C:\Users\rafal\Documents\MATLAB\task1_max_points" /I "C:\Program Files\MATLAB\R2023b\extern\include\nav" /I ".\interface" /I "C:\Program Files\MATLAB\R2023b\extern\include" /I "." -DMODEL=task_1_mex   task_1_terminate.c /Fobuild\win64\task_1_terminate.obj
task_1_terminate.c
[11/23] cl /c /Zc:__cplusplus /Zp8 /GR /W3 /EHs /nologo /MD /D_CRT_SECURE_NO_DEPRECATE /D_SCL_SECURE_NO_DEPRECATE /D_SECURE_SCL=0   /DMATLAB_MEX_FILE  /DMATLAB_MEX_FILE /O2 /Oy- /DNDEBUG /fp:strict /utf-8 /I "." /I "C:\Users\rafal\Documents\MATLAB\task1_max_points" /I "C:\Program Files\MATLAB\R2023b\extern\include\nav" /I ".\interface" /I "C:\Program Files\MATLAB\R2023b\extern\include" /I "." -DMODEL=task_1_mex   ind2sub.c /Fobuild\win64\ind2sub.obj
ind2sub.c
[12/23] cl /c /Zc:__cplusplus /Zp8 /GR /W3 /EHs /nologo /MD /D_CRT_SECURE_NO_DEPRECATE /D_SCL_SECURE_NO_DEPRECATE /D_SECURE_SCL=0   /DMATLAB_MEX_FILE  /DMATLAB_MEX_FILE /O2 /Oy- /DNDEBUG /fp:strict /utf-8 /I "." /I "C:\Users\rafal\Documents\MATLAB\task1_max_points" /I "C:\Program Files\MATLAB\R2023b\extern\include\nav" /I ".\interface" /I "C:\Program Files\MATLAB\R2023b\extern\include" /I "." -DMODEL=task_1_mex   task_1.c /Fobuild\win64\task_1.obj
task_1.c
[13/23] cl /c /Zc:__cplusplus /Zp8 /GR /W3 /EHs /nologo /MD /D_CRT_SECURE_NO_DEPRECATE /D_SCL_SECURE_NO_DEPRECATE /D_SECURE_SCL=0   /DMATLAB_MEX_FILE  /DMATLAB_MEX_FILE /O2 /Oy- /DNDEBUG /fp:strict /utf-8 /I "." /I "C:\Users\rafal\Documents\MATLAB\task1_max_points" /I "C:\Program Files\MATLAB\R2023b\extern\include\nav" /I ".\interface" /I "C:\Program Files\MATLAB\R2023b\extern\include" /I "." -DMODEL=task_1_mex   interface\_coder_task_1_info.c /Fobuild\win64\_coder_task_1_info.obj
_coder_task_1_info.c
[14/23] cl /c /Zc:__cplusplus /Zp8 /GR /W3 /EHs /nologo /MD /D_CRT_SECURE_NO_DEPRECATE /D_SCL_SECURE_NO_DEPRECATE /D_SECURE_SCL=0   /DMATLAB_MEX_FILE  /DMATLAB_MEX_FILE /O2 /Oy- /DNDEBUG /fp:strict /utf-8 /I "." /I "C:\Users\rafal\Documents\MATLAB\task1_max_points" /I "C:\Program Files\MATLAB\R2023b\extern\include\nav" /I ".\interface" /I "C:\Program Files\MATLAB\R2023b\extern\include" /I "." -DMODEL=task_1_mex   MapInterface.c /Fobuild\win64\MapInterface.obj
MapInterface.c
[15/23] cl /c /Zc:__cplusplus /Zp8 /GR /W3 /EHs /nologo /MD /D_CRT_SECURE_NO_DEPRECATE /D_SCL_SECURE_NO_DEPRECATE /D_SECURE_SCL=0   /DMATLAB_MEX_FILE  /DMATLAB_MEX_FILE /O2 /Oy- /DNDEBUG /fp:strict /utf-8 /I "." /I "C:\Users\rafal\Documents\MATLAB\task1_max_points" /I "C:\Program Files\MATLAB\R2023b\extern\include\nav" /I ".\interface" /I "C:\Program Files\MATLAB\R2023b\extern\include" /I "." -DMODEL=task_1_mex   binaryOccupancyMap.c /Fobuild\win64\binaryOccupancyMap.obj
binaryOccupancyMap.c
[16/23] cl /c /Zc:__cplusplus /Zp8 /GR /W3 /EHs /nologo /MD /D_CRT_SECURE_NO_DEPRECATE /D_SCL_SECURE_NO_DEPRECATE /D_SECURE_SCL=0   /DMATLAB_MEX_FILE  /DMATLAB_MEX_FILE /O2 /Oy- /DNDEBUG /fp:strict /utf-8 /I "." /I "C:\Users\rafal\Documents\MATLAB\task1_max_points" /I "C:\Program Files\MATLAB\R2023b\extern\include\nav" /I ".\interface" /I "C:\Program Files\MATLAB\R2023b\extern\include" /I "." -DMODEL=task_1_mex   plannerAStarGrid1.c /Fobuild\win64\plannerAStarGrid1.obj
plannerAStarGrid1.c
[17/23] cl /c /Zc:__cplusplus /Zp8 /GR /W3 /EHs /nologo /MD /D_CRT_SECURE_NO_DEPRECATE /D_SCL_SECURE_NO_DEPRECATE /D_SECURE_SCL=0   /DMATLAB_MEX_FILE  /DMATLAB_MEX_FILE /O2 /Oy- /DNDEBUG /fp:strict /utf-8 /I "." /I "C:\Users\rafal\Documents\MATLAB\task1_max_points" /I "C:\Program Files\MATLAB\R2023b\extern\include\nav" /I ".\interface" /I "C:\Program Files\MATLAB\R2023b\extern\include" /I "." -DMODEL=task_1_mex   indexShapeCheck.c /Fobuild\win64\indexShapeCheck.obj
indexShapeCheck.c
[18/23] cl /c /Zc:__cplusplus /Zp8 /GR /W3 /EHs /nologo /MD /D_CRT_SECURE_NO_DEPRECATE /D_SCL_SECURE_NO_DEPRECATE /D_SECURE_SCL=0   /DMATLAB_MEX_FILE  /DMATLAB_MEX_FILE /O2 /Oy- /DNDEBUG /fp:strict /utf-8 /I "." /I "C:\Users\rafal\Documents\MATLAB\task1_max_points" /I "C:\Program Files\MATLAB\R2023b\extern\include\nav" /I ".\interface" /I "C:\Program Files\MATLAB\R2023b\extern\include" /I "." -DMODEL=task_1_mex   sumMatrixIncludeNaN.c /Fobuild\win64\sumMatrixIncludeNaN.obj
sumMatrixIncludeNaN.c
[19/23] cl /c /Zc:__cplusplus /Zp8 /GR /W3 /EHs /nologo /MD /D_CRT_SECURE_NO_DEPRECATE /D_SCL_SECURE_NO_DEPRECATE /D_SECURE_SCL=0   /DMATLAB_MEX_FILE  /DMATLAB_MEX_FILE /O2 /Oy- /DNDEBUG /fp:strict /utf-8 /I "." /I "C:\Users\rafal\Documents\MATLAB\task1_max_points" /I "C:\Program Files\MATLAB\R2023b\extern\include\nav" /I ".\interface" /I "C:\Program Files\MATLAB\R2023b\extern\include" /I "." -DMODEL=task_1_mex   "C:\Program Files\MATLAB\R2023b\extern\version\c_mexapi_version.c" /Fobuild\win64\c_mexapi_version.obj
c_mexapi_version.c
[20/23] cl /c /Zc:__cplusplus /Zp8 /GR /W3 /EHs /nologo /MD /D_CRT_SECURE_NO_DEPRECATE /D_SCL_SECURE_NO_DEPRECATE /D_SECURE_SCL=0   /DMATLAB_MEX_FILE  /DMATLAB_MEX_FILE /O2 /Oy- /DNDEBUG /fp:strict /utf-8 /I "." /I "C:\Users\rafal\Documents\MATLAB\task1_max_points" /I "C:\Program Files\MATLAB\R2023b\extern\include\nav" /I ".\interface" /I "C:\Program Files\MATLAB\R2023b\extern\include" /I "." -DMODEL=task_1_mex   task_1_emxutil.c /Fobuild\win64\task_1_emxutil.obj
task_1_emxutil.c
[21/23] cl /c /Zc:__cplusplus /Zp8 /GR /W3 /EHs /nologo /MD /D_CRT_SECURE_NO_DEPRECATE /D_SCL_SECURE_NO_DEPRECATE /D_SECURE_SCL=0   /DMATLAB_MEX_FILE  /DMATLAB_MEX_FILE /O2 /Oy- /DNDEBUG /fp:strict /utf-8 /I "." /I "C:\Users\rafal\Documents\MATLAB\task1_max_points" /I "C:\Program Files\MATLAB\R2023b\extern\include\nav" /I ".\interface" /I "C:\Program Files\MATLAB\R2023b\extern\include" /I "." -DMODEL=task_1_mex   plannerAStarGrid.c /Fobuild\win64\plannerAStarGrid.obj
plannerAStarGrid.c
[22/23] cl /c /Zc:__cplusplus /Zp8 /GR /W3 /EHs /nologo /MD /D_CRT_SECURE_NO_DEPRECATE /D_SCL_SECURE_NO_DEPRECATE /D_SECURE_SCL=0   /DMATLAB_MEX_FILE  /DMATLAB_MEX_FILE /O2 /Oy- /DNDEBUG /fp:strict /utf-8 /I "." /I "C:\Users\rafal\Documents\MATLAB\task1_max_points" /I "C:\Program Files\MATLAB\R2023b\extern\include\nav" /I ".\interface" /I "C:\Program Files\MATLAB\R2023b\extern\include" /I "." -DMODEL=task_1_mex   "C:\Program Files\MATLAB\R2023b\toolbox\nav\navalgs2\builtins\libsrc\priorityqueuecodegen\priorityqueue_api.cpp" /Fobuild\win64\priorityqueue_api.obj
priorityqueue_api.cpp
[23/23] link build\win64\priorityqueue_api.obj build\win64\task_1_data.obj build\win64\rt_nonfinite.obj build\win64\task_1_initialize.obj build\win64\task_1_terminate.obj build\win64\task_1.obj build\win64\plannerAStarGrid.obj build\win64\ind2sub.obj build\win64\validateAStarBuiltinCostFunction.obj build\win64\MapInterface.obj build\win64\binaryOccupancyMap.obj build\win64\plannerAStarGrid1.obj build\win64\warning.obj build\win64\handle.obj build\win64\_coder_task_1_api.obj build\win64\_coder_task_1_mex.obj build\win64\eml_int_forloop_overflow_check.obj build\win64\indexShapeCheck.obj build\win64\sumMatrixIncludeNaN.obj build\win64\task_1_emxutil.obj build\win64\_coder_task_1_info.obj build\win64\c_mexapi_version.obj  /nologo /manifest   /DLL /LIBPATH:"C:\Program Files\MATLAB\R2023b\extern\lib\win64\microsoft" libmx.lib libmex.lib libmat.lib kernel32.lib user32.lib gdi32.lib winspool.lib comdlg32.lib advapi32.lib shell32.lib ole32.lib oleaut32.lib uuid.lib odbc32.lib odbccp32.lib  /out:"task_1_mex.mexw64" libemlrt.lib libcovrt.lib libut.lib libmwmathutil.lib  /export:mexFunction /export:mexfilerequiredapiversion /export:emlrtMexFcnProperties /export:task_1 /export:task_1_initialize /export:task_1_terminate /export:task_1_atexit /export:emxEnsureCapacity_int32_T /export:emxEnsureCapacity_real_T /export:emxFree_int32_T /export:emxInit_int32_T /export:emxFree_real_T /export:emxInit_real_T
   Trwa tworzenie biblioteki task_1_mex.lib i obiektu task_1_mex.exp
